<?xml version="1.0" encoding="UTF-8"?>
<!-- Generated by org.testng.reporters.JUnitReportReporter -->
<testsuite hostname="ET-QC-01728" failures="0" tests="7" name="Tests.MockAPI_Tests" time="6.991" errors="0" timestamp="2023-11-15T16:58:45 EET" skipped="0">
  <testcase classname="Tests.MockAPI_Tests" name="Test6_Headers" time="1.124"/>
  <testcase classname="Tests.MockAPI_Tests" name="test4_ExtractResponse" time="1.149"/>
  <testcase classname="Tests.MockAPI_Tests" name="test5_Logging" time="0.601"/>
  <testcase classname="Tests.MockAPI_Tests" name="test3_empty_hasSize_everyItemStartsWith_hasKey" time="0.610"/>
  <testcase classname="Tests.MockAPI_Tests" name="test2_contains" time="0.912"/>
  <testcase classname="Tests.MockAPI_Tests" name="ValidateTest1_equalTo_hasItem_hasItems_not" time="0.896"/>
  <testcase classname="Tests.MockAPI_Tests" name="QueryParams" time="1.699"/>
</testsuite> <!-- Tests.MockAPI_Tests -->
