<?xml version="1.0" encoding="UTF-8"?>
<!-- Generated by org.testng.reporters.JUnitReportReporter -->
<testsuite hostname="ET-QC-01728" failures="0" tests="5" name="Tests.QACart_Tests" time="2.274" errors="0" timestamp="2023-11-15T16:58:45 EET" skipped="0">
  <testcase classname="Tests.QACart_Tests" name="ValidateHeader1" time="0.279"/>
  <testcase classname="Tests.QACart_Tests" name="requestBody" time="0.457"/>
  <testcase classname="Tests.QACart_Tests" name="validateExtractTokenAuthorization" time="0.974"/>
  <testcase classname="Tests.QACart_Tests" name="ValidateQueryParams" time="0.282"/>
  <testcase classname="Tests.QACart_Tests" name="ValidateAddListOfHeaders" time="0.282"/>
</testsuite> <!-- Tests.QACart_Tests -->
